2024-03-24T20:25:24.606+0530 [INFO]  Terraform version: 1.7.5
2024-03-24T20:25:24.606+0530 [DEBUG] using github.com/hashicorp/go-tfe v1.41.0
2024-03-24T20:25:24.606+0530 [DEBUG] using github.com/hashicorp/hcl/v2 v2.19.1
2024-03-24T20:25:24.606+0530 [DEBUG] using github.com/hashicorp/terraform-svchost v0.1.1
2024-03-24T20:25:24.606+0530 [DEBUG] using github.com/zclconf/go-cty v1.14.1
2024-03-24T20:25:24.606+0530 [INFO]  Go runtime version: go1.22.1
2024-03-24T20:25:24.606+0530 [INFO]  CLI args: []string{"terraform", "init"}
2024-03-24T20:25:24.606+0530 [TRACE] Stdout is not a terminal
2024-03-24T20:25:24.606+0530 [TRACE] Stderr is not a terminal
2024-03-24T20:25:24.606+0530 [TRACE] Stdin is a terminal
2024-03-24T20:25:24.606+0530 [DEBUG] Attempting to open CLI config file: /home/madhu/.terraformrc
2024-03-24T20:25:24.606+0530 [DEBUG] File doesn't exist, but doesn't need to. Ignoring.
2024-03-24T20:25:24.606+0530 [DEBUG] ignoring non-existing provider search directory terraform.d/plugins
2024-03-24T20:25:24.606+0530 [DEBUG] ignoring non-existing provider search directory /home/madhu/.terraform.d/plugins
2024-03-24T20:25:24.606+0530 [DEBUG] ignoring non-existing provider search directory /home/madhu/.local/share/terraform/plugins
2024-03-24T20:25:24.606+0530 [DEBUG] ignoring non-existing provider search directory /home/madhu/.local/share/flatpak/exports/share/terraform/plugins
2024-03-24T20:25:24.606+0530 [DEBUG] ignoring non-existing provider search directory /var/lib/flatpak/exports/share/terraform/plugins
2024-03-24T20:25:24.606+0530 [DEBUG] ignoring non-existing provider search directory /usr/local/share/terraform/plugins
2024-03-24T20:25:24.606+0530 [DEBUG] ignoring non-existing provider search directory /usr/share/terraform/plugins
2024-03-24T20:25:24.606+0530 [INFO]  CLI command args: []string{"init"}

[0m[1mInitializing the backend...[0m
2024-03-24T20:25:24.608+0530 [TRACE] Meta.Backend: no config given or present on disk, so returning nil config
2024-03-24T20:25:24.608+0530 [TRACE] Meta.Backend: backend has not previously been initialized in this working directory
2024-03-24T20:25:24.608+0530 [DEBUG] New state was assigned lineage "dae65375-222b-ebf3-1084-6f267c14b997"
2024-03-24T20:25:24.608+0530 [TRACE] Meta.Backend: using default local state only (no backend configuration, and no existing initialized backend)
2024-03-24T20:25:24.608+0530 [TRACE] Meta.Backend: instantiated backend of type <nil>
2024-03-24T20:25:24.609+0530 [TRACE] providercache.fillMetaCache: scanning directory .terraform/providers
2024-03-24T20:25:24.609+0530 [TRACE] getproviders.SearchLocalDirectory: found registry.opentofu.org/hashicorp/local v2.5.1 for linux_amd64 at .terraform/providers/registry.opentofu.org/hashicorp/local/2.5.1/linux_amd64
2024-03-24T20:25:24.609+0530 [TRACE] getproviders.SearchLocalDirectory: found registry.terraform.io/hashicorp/local v2.5.1 for linux_amd64 at .terraform/providers/registry.terraform.io/hashicorp/local/2.5.1/linux_amd64
2024-03-24T20:25:24.609+0530 [TRACE] providercache.fillMetaCache: including .terraform/providers/registry.opentofu.org/hashicorp/local/2.5.1/linux_amd64 as a candidate package for registry.opentofu.org/hashicorp/local 2.5.1
2024-03-24T20:25:24.609+0530 [TRACE] providercache.fillMetaCache: including .terraform/providers/registry.terraform.io/hashicorp/local/2.5.1/linux_amd64 as a candidate package for registry.terraform.io/hashicorp/local 2.5.1
2024-03-24T20:25:24.651+0530 [TRACE] providercache.fillMetaCache: using cached result from previous scan of .terraform/providers
2024-03-24T20:25:24.688+0530 [DEBUG] checking for provisioner in "."
2024-03-24T20:25:24.693+0530 [DEBUG] checking for provisioner in "/usr/bin"
2024-03-24T20:25:24.693+0530 [TRACE] Meta.Backend: backend <nil> does not support operations, so wrapping it in a local backend
2024-03-24T20:25:24.693+0530 [TRACE] backend/local: state manager for workspace "default" will:
 - read initial snapshot from terraform.tfstate
 - write new snapshots to terraform.tfstate
 - create any backup at terraform.tfstate.backup
2024-03-24T20:25:24.693+0530 [TRACE] statemgr.Filesystem: reading initial snapshot from terraform.tfstate
2024-03-24T20:25:24.693+0530 [TRACE] statemgr.Filesystem: read snapshot with lineage "04d1b4bb-1f74-dee1-7cf1-d3b9c49b39bf" serial 7

[0m[1mInitializing provider plugins...[0m
- Reusing previous version of registry.opentofu.org/hashicorp/local from the dependency lock file
2024-03-24T20:25:24.694+0530 [DEBUG] Service discovery for registry.opentofu.org at https://registry.opentofu.org/.well-known/terraform.json
2024-03-24T20:25:24.694+0530 [TRACE] HTTP client GET request to https://registry.opentofu.org/.well-known/terraform.json
2024-03-24T20:25:25.037+0530 [DEBUG] GET https://registry.opentofu.org/v1/providers/hashicorp/local/versions
2024-03-24T20:25:25.038+0530 [TRACE] HTTP client GET request to https://registry.opentofu.org/v1/providers/hashicorp/local/versions
- Reusing previous version of hashicorp/local from the dependency lock file
2024-03-24T20:25:25.319+0530 [DEBUG] Service discovery for registry.terraform.io at https://registry.terraform.io/.well-known/terraform.json
2024-03-24T20:25:25.319+0530 [TRACE] HTTP client GET request to https://registry.terraform.io/.well-known/terraform.json
2024-03-24T20:25:25.600+0530 [DEBUG] GET https://registry.terraform.io/v1/providers/hashicorp/local/versions
2024-03-24T20:25:25.600+0530 [TRACE] HTTP client GET request to https://registry.terraform.io/v1/providers/hashicorp/local/versions
2024-03-24T20:25:25.822+0530 [TRACE] providercache.fillMetaCache: scanning directory .terraform/providers
2024-03-24T20:25:25.823+0530 [TRACE] getproviders.SearchLocalDirectory: found registry.opentofu.org/hashicorp/local v2.5.1 for linux_amd64 at .terraform/providers/registry.opentofu.org/hashicorp/local/2.5.1/linux_amd64
2024-03-24T20:25:25.824+0530 [TRACE] getproviders.SearchLocalDirectory: found registry.terraform.io/hashicorp/local v2.5.1 for linux_amd64 at .terraform/providers/registry.terraform.io/hashicorp/local/2.5.1/linux_amd64
2024-03-24T20:25:25.824+0530 [TRACE] providercache.fillMetaCache: including .terraform/providers/registry.opentofu.org/hashicorp/local/2.5.1/linux_amd64 as a candidate package for registry.opentofu.org/hashicorp/local 2.5.1
2024-03-24T20:25:25.824+0530 [TRACE] providercache.fillMetaCache: including .terraform/providers/registry.terraform.io/hashicorp/local/2.5.1/linux_amd64 as a candidate package for registry.terraform.io/hashicorp/local 2.5.1
- Using previously-installed registry.opentofu.org/hashicorp/local v2.5.1
2024-03-24T20:25:25.888+0530 [TRACE] providercache.fillMetaCache: using cached result from previous scan of .terraform/providers
- Using previously-installed hashicorp/local v2.5.1

[0m[1m[32mTerraform has been successfully initialized![0m[32m[0m
[0m[32m
You may now begin working with Terraform. Try running "terraform plan" to see
any changes that are required for your infrastructure. All Terraform commands
should now work.

If you ever set or change modules or backend configuration for Terraform,
rerun this command to reinitialize your working directory. If you forget, other
commands will detect it and remind you to do so if necessary.[0m
